c:\school projects\comp 345\small-world\smallworld\smallworld\debug\smallworld.pch
c:\school projects\comp 345\small-world\smallworld\smallworld\debug\vc141.pdb
c:\school projects\comp 345\small-world\smallworld\smallworld\debug\vc141.idb
c:\school projects\comp 345\small-world\smallworld\smallworld\debug\stdafx.obj
c:\school projects\comp 345\small-world\smallworld\smallworld\debug\dicerollingfacility.obj
c:\school projects\comp 345\small-world\smallworld\smallworld\debug\map.obj
c:\school projects\comp 345\small-world\smallworld\smallworld\debug\maploader.obj
c:\school projects\comp 345\small-world\smallworld\smallworld\debug\player.obj
c:\school projects\comp 345\small-world\smallworld\smallworld\debug\region.obj
c:\school projects\comp 345\small-world\smallworld\smallworld\debug\smallworld.obj
c:\school projects\comp 345\small-world\smallworld\smallworld\debug\race.obj
c:\school projects\comp 345\small-world\smallworld\debug\smallworld.exe
c:\school projects\comp 345\small-world\smallworld\debug\smallworld.ilk
c:\school projects\comp 345\small-world\smallworld\debug\smallworld.pdb
c:\school projects\comp 345\small-world\smallworld\smallworld\debug\smallworld.obj.enc
c:\school projects\comp 345\small-world\smallworld\smallworld\debug\smallworld.tlog\cl.command.1.tlog
c:\school projects\comp 345\small-world\smallworld\smallworld\debug\smallworld.tlog\cl.read.1.tlog
c:\school projects\comp 345\small-world\smallworld\smallworld\debug\smallworld.tlog\cl.write.1.tlog
c:\school projects\comp 345\small-world\smallworld\smallworld\debug\smallworld.tlog\link.command.1.tlog
c:\school projects\comp 345\small-world\smallworld\smallworld\debug\smallworld.tlog\link.read.1.tlog
c:\school projects\comp 345\small-world\smallworld\smallworld\debug\smallworld.tlog\link.write.1.tlog
