c:\school projects\comp 345\small-world\smallworld\smallworld\x64\debug\smallworld.pch
c:\school projects\comp 345\small-world\smallworld\smallworld\x64\debug\vc141.pdb
c:\school projects\comp 345\small-world\smallworld\smallworld\x64\debug\vc141.idb
c:\school projects\comp 345\small-world\smallworld\smallworld\x64\debug\stdafx.obj
c:\school projects\comp 345\small-world\smallworld\smallworld\x64\debug\coin.obj
c:\school projects\comp 345\small-world\smallworld\smallworld\x64\debug\dicerollingfacility.obj
c:\school projects\comp 345\small-world\smallworld\smallworld\x64\debug\gamedeck.obj
c:\school projects\comp 345\small-world\smallworld\smallworld\x64\debug\gamepiece.obj
c:\school projects\comp 345\small-world\smallworld\smallworld\x64\debug\map.obj
c:\school projects\comp 345\small-world\smallworld\smallworld\x64\debug\maploader.obj
c:\school projects\comp 345\small-world\smallworld\smallworld\x64\debug\player.obj
c:\school projects\comp 345\small-world\smallworld\smallworld\x64\debug\point.obj
c:\school projects\comp 345\small-world\smallworld\smallworld\x64\debug\powerbadge.obj
c:\school projects\comp 345\small-world\smallworld\smallworld\x64\debug\region.obj
c:\school projects\comp 345\small-world\smallworld\smallworld\x64\debug\smallworld.obj
c:\school projects\comp 345\small-world\smallworld\smallworld\x64\debug\race.obj
c:\school projects\comp 345\small-world\smallworld\x64\debug\smallworld.exe
c:\school projects\comp 345\small-world\smallworld\x64\debug\smallworld.ilk
c:\school projects\comp 345\small-world\smallworld\x64\debug\smallworld.pdb
c:\school projects\comp 345\small-world\smallworld\smallworld\x64\debug\smallworld.tlog\cl.command.1.tlog
c:\school projects\comp 345\small-world\smallworld\smallworld\x64\debug\smallworld.tlog\cl.read.1.tlog
c:\school projects\comp 345\small-world\smallworld\smallworld\x64\debug\smallworld.tlog\cl.write.1.tlog
c:\school projects\comp 345\small-world\smallworld\smallworld\x64\debug\smallworld.tlog\link.command.1.tlog
c:\school projects\comp 345\small-world\smallworld\smallworld\x64\debug\smallworld.tlog\link.read.1.tlog
c:\school projects\comp 345\small-world\smallworld\smallworld\x64\debug\smallworld.tlog\link.write.1.tlog
